Arguments: 
  /home/al/.nvm/versions/node/v20.11.1/bin/node /usr/local/bin/yarn

PATH: 
  /home/al/.nvm/versions/node/v20.11.1/bin:/home/linuxbrew/.linuxbrew/bin:/home/linuxbrew/.linuxbrew/sbin:/home/al/.cargo/bin:/home/al/.local/bin:/home/al/bin:/usr/local/sbin:/usr/local/bin:/usr/sbin:/usr/bin:/sbin:/bin:/usr/games:/usr/local/games:/snap/bin:/snap/bin:/home/al/.foundry/bin:/home/al/.local/bin/aleph

Yarn version: 
  1.22.19

Node version: 
  20.11.1

Platform: 
  linux x64

Trace: 
  Error: read ENETUNREACH
      at TLSWrap.onStreamRead (node:internal/stream_base_commons:217:20)

npm manifest: 
  {
  	"name": "leader-board-service",
  	"version": "0.0.0",
  	"description": "",
  	"main": "index.js",
  	"engines": {
  		"node": ">=18.0",
  		"yarn": ">=1.22",
  		"npm": "please-use-yarn"
  	},
  	"scripts": {
  		"test": "echo \"Error: no test specified\" && exit 1",
  		"lint": "eslint src/**/*.ts",
  		"format": "prettier --write src/*.ts",
  		"format:check": "prettier --check src/*.ts",
  		"start": "node dist/index.js",
  		"build": "tsc",
  		"dev": "nodemon",
  		"mongodb": "./bin/mongodb.sh run",
  		"mongodb:clean": "./bin/mongodb.sh clean"
  	},
  	"author": "Alex Miller <al@krondor.org>",
  	"license": "MIT",
  	"dependencies": {
  		"@types/express": "^4.17.21",
  		"dotenv": "^16.3.1",
  		"express": "^4.19.2",
  		"mongoose": "^8.0.4",
  		"winston": "^3.11.0"
  	},
  	"devDependencies": {
  		"@types/node": "^20.11.4",
  		"@typescript-eslint/eslint-plugin": "^7.9.0",
  		"@typescript-eslint/parser": "^7.9.0",
  		"eslint": "^8.57.0",
  		"nodemon": "^3.0.2",
  		"prettier": "^3.2.5",
  		"ts-node": "^10.9.2",
  		"typescript": "^5.3.3"
  	}
  }

yarn manifest: 
  No manifest

Lockfile: 
  No lockfile
